<?xml version="1.0" encoding="UTF-8"?>
<testng-results ignored="0" total="1" passed="1" failed="0" skipped="0">
  <reporter-output>
  </reporter-output>
  <suite started-at="2024-01-19T12:35:37 IST" name="Suite" finished-at="2024-01-19T12:35:52 IST" duration-ms="15627">
    <groups>
    </groups>
    <test started-at="2024-01-19T12:35:37 IST" name="Test" finished-at="2024-01-19T12:35:52 IST" duration-ms="15627">
      <class name="TestCases.Rest_App_Test">
        <test-method is-config="true" signature="browserSetup()[pri:0, instance:TestCases.Rest_App_Test@1cb346ea]" started-at="2024-01-19T12:35:07 IST" name="browserSetup" finished-at="2024-01-19T12:35:37 IST" duration-ms="30114" status="PASS">
          <reporter-output>
          </reporter-output>
        </test-method> <!-- browserSetup -->
        <test-method signature="Rest_Method()[pri:0, instance:TestCases.Rest_App_Test@1cb346ea]" started-at="2024-01-19T12:35:37 IST" name="Rest_Method" finished-at="2024-01-19T12:35:51 IST" duration-ms="14474" status="PASS">
          <reporter-output>
          </reporter-output>
        </test-method> <!-- Rest_Method -->
        <test-method is-config="true" signature="CloseBrowser()[pri:0, instance:TestCases.Rest_App_Test@1cb346ea]" started-at="2024-01-19T12:35:53 IST" name="CloseBrowser" finished-at="2024-01-19T12:35:58 IST" duration-ms="5138" status="PASS">
          <reporter-output>
          </reporter-output>
        </test-method> <!-- CloseBrowser -->
      </class> <!-- TestCases.Rest_App_Test -->
    </test> <!-- Test -->
  </suite> <!-- Suite -->
</testng-results>
